<?xml version="1.0" encoding="UTF-8"?>
<!-- Generated by org.testng.reporters.JUnitReportReporter -->
<testsuite skipped="0" hostname="HARISH_DASYAM" name="testcases.TC_001LoginLogout" tests="1" failures="0" timestamp="26 Apr 2020 10:32:06 GMT" time="20.034" errors="0">
  <testcase name="loginLogout" time="20.034" classname="testcases.TC_001LoginLogout"/>
</testsuite> <!-- testcases.TC_001LoginLogout -->
